1653592368819:addB
1653592571219:addA
1653592590447:addG
1653592598256:addB
1653593253122:abbB
1653593253812:2
1653593256731:addB
1653593585854:allB
1653593620411:all books
1653593672573:addB
1653593957863:allB
1653742948068:addB
1653742998123:addA
1653743010699:addG
1653743184957:addA
1653743579228:allB
1653743587923:allA
1653743740595:allG
1653743754713:addB
1653743803978:allB
1653743808648:allA
1653743812729:allG
1653744309789:allB
1653744312912:exit
1653745288403:delA
1653745303482:dellA
1653745306722:delA
1653745314302:allB
1653747585713:addB
1653747637073:addA
1653747670427:allA
1653747677960:allB
1653747689765:allG
1653747701163:exit
1653748235855:allA
1653748242688:delA
1653748271753:delB
1653748300020:exit
1655212502371:addB
1655929935398:allB
